WARNING: Staged file not found for sample '/home/phemarajata/Downloads/bp_finalset/IP-0013.fasta': 
WARNING: Staged file not found for sample '/home/phemarajata/Downloads/bp_finalset/IE-0001.fasta': 
WARNING: Staged file not found for sample '/home/phemarajata/Downloads/bp_finalset/IP-0154.fasta': 
WARNING: Staged file not found for sample '/home/phemarajata/Downloads/bp_finalset/IP-0044.fasta': 
WARNING: Staged file not found for sample '/home/phemarajata/Downloads/bp_finalset/IP-0171.fasta': 
WARNING: Staged file not found for sample '/home/phemarajata/Downloads/bp_finalset/IE-0005.fasta': 
WARNING: Staged file not found for sample '/home/phemarajata/Downloads/bp_finalset/IP-0016.fasta': 
WARNING: Staged file not found for sample '/home/phemarajata/Downloads/bp_finalset/IE-0021.fasta': 
WARNING: Staged file not found for sample '/home/phemarajata/Downloads/bp_finalset/IP-0131.fasta': 
WARNING: Staged file not found for sample '/home/phemarajata/Downloads/bp_finalset/GCA_963570575_1.fasta': 
WARNING: Staged file not found for sample '/home/phemarajata/Downloads/bp_finalset/ERS012303.fasta': 
WARNING: Staged file not found for sample '/home/phemarajata/Downloads/bp_finalset/GCA_963560735_1.fasta': 
WARNING: Staged file not found for sample '/home/phemarajata/Downloads/bp_finalset/IP-0026.fasta': 
WARNING: Staged file not found for sample '/home/phemarajata/Downloads/bp_finalset/IE-0024.fasta': 
WARNING: Staged file not found for sample '/home/phemarajata/Downloads/bp_finalset/IP-0006.fasta': 
WARNING: Staged file not found for sample '/home/phemarajata/Downloads/bp_finalset/IP-0150.fasta': 
WARNING: Staged file not found for sample '/home/phemarajata/Downloads/bp_finalset/IP-0109.fasta': 
WARNING: Staged file not found for sample '/home/phemarajata/Downloads/bp_finalset/IP-0089.fasta': 
WARNING: Staged file not found for sample '/home/phemarajata/Downloads/bp_finalset/IP-0001.fasta': 
WARNING: Staged file not found for sample '/home/phemarajata/Downloads/bp_finalset/GCA_963569325_1.fasta': 
WARNING: Staged file not found for sample '/home/phemarajata/Downloads/bp_finalset/GCA_963561835_1.fasta': 
WARNING: Staged file not found for sample '/home/phemarajata/Downloads/bp_finalset/GCA_963565015_1.fasta': 
WARNING: Staged file not found for sample '/home/phemarajata/Downloads/bp_finalset/IP-0169.fasta': 
WARNING: Staged file not found for sample '/home/phemarajata/Downloads/bp_finalset/GCF_002110925_1_USA_Texas.fasta': 
WARNING: Staged file not found for sample '/home/phemarajata/Downloads/bp_finalset/IP-0100.fasta': 
WARNING: Staged file not found for sample '/home/phemarajata/Downloads/bp_finalset/GCA_963567325_1.fasta': 
WARNING: Staged file not found for sample '/home/phemarajata/Downloads/bp_finalset/GCA_963560675_1.fasta': 
WARNING: Staged file not found for sample '/home/phemarajata/Downloads/bp_finalset/GCA_963564975_1.fasta': 
WARNING: Staged file not found for sample '/home/phemarajata/Downloads/bp_finalset/IP-0014.fasta': 
WARNING: Staged file not found for sample '/home/phemarajata/Downloads/bp_finalset/IP-0201.fasta': 
WARNING: Staged file not found for sample '/home/phemarajata/Downloads/bp_finalset/IP-0120.fasta': 
WARNING: Staged file not found for sample '/home/phemarajata/Downloads/bp_finalset/IP-0018.fasta': 
WARNING: Staged file not found for sample '/home/phemarajata/Downloads/bp_finalset/IE-0009.fasta': 
WARNING: Staged file not found for sample '/home/phemarajata/Downloads/bp_finalset/IP-0110.fasta': 
WARNING: Staged file not found for sample '/home/phemarajata/Downloads/bp_finalset/IP-0002.fasta': 
WARNING: Staged file not found for sample '/home/phemarajata/Downloads/bp_finalset/IP-0202.fasta': 
WARNING: Staged file not found for sample '/home/phemarajata/Downloads/bp_finalset/GCA_963573225_1.fasta': 
WARNING: Staged file not found for sample '/home/phemarajata/Downloads/bp_finalset/IP-0096.fasta': 
WARNING: Staged file not found for sample '/home/phemarajata/Downloads/bp_finalset/IP-0163.fasta': 
WARNING: Staged file not found for sample '/home/phemarajata/Downloads/bp_finalset/IP-0102.fasta': 
WARNING: Staged file not found for sample '/home/phemarajata/Downloads/bp_finalset/IP-0112.fasta': 
WARNING: Staged file not found for sample '/home/phemarajata/Downloads/bp_finalset/GCA_963566475_1.fasta': 
WARNING: Staged file not found for sample '/home/phemarajata/Downloads/bp_finalset/GCF_002110985_1_USA_Puerto_Rico.fasta': 
WARNING: Staged file not found for sample '/home/phemarajata/Downloads/bp_finalset/IP-0012.fasta': 
WARNING: Staged file not found for sample '/home/phemarajata/Downloads/bp_finalset/GCA_963568705_1.fasta': 
WARNING: Staged file not found for sample '/home/phemarajata/Downloads/bp_finalset/GCA_963561975_1.fasta': 
WARNING: Staged file not found for sample '/home/phemarajata/Downloads/bp_finalset/GCA_963566085_1.fasta': 
WARNING: Staged file not found for sample '/home/phemarajata/Downloads/bp_finalset/IP-0087.fasta': 
WARNING: Staged file not found for sample '/home/phemarajata/Downloads/bp_finalset/GCF_025847905_1_Viet_Nam.fasta': 
WARNING: Staged file not found for sample '/home/phemarajata/Downloads/bp_finalset/IE-0003.fasta': 
WARNING: Staged file not found for sample '/home/phemarajata/Downloads/bp_finalset/GCA_963563475_1.fasta': 
WARNING: Staged file not found for sample '/home/phemarajata/Downloads/bp_finalset/IP-0055.fasta': 
WARNING: Staged file not found for sample '/home/phemarajata/Downloads/bp_finalset/IP-0008.fasta': 
WARNING: Staged file not found for sample '/home/phemarajata/Downloads/bp_finalset/IP-0167.fasta': 
WARNING: Staged file not found for sample '/home/phemarajata/Downloads/bp_finalset/IP-0182.fasta': 
WARNING: Staged file not found for sample '/home/phemarajata/Downloads/bp_finalset/GCA_963568885_1.fasta': 
WARNING: Staged file not found for sample '/home/phemarajata/Downloads/bp_finalset/IP-0094.fasta': 
WARNING: Staged file not found for sample '/home/phemarajata/Downloads/bp_finalset/IP-0015.fasta': 
WARNING: Staged file not found for sample '/home/phemarajata/Downloads/bp_finalset/GCF_014712955_1_Laos.fasta': 
WARNING: Staged file not found for sample '/home/phemarajata/Downloads/bp_finalset/ERS012330.fasta': 
WARNING: Staged file not found for sample '/home/phemarajata/Downloads/bp_finalset/IP-0051.fasta': 
WARNING: Staged file not found for sample '/home/phemarajata/Downloads/bp_finalset/GCA_963561915_1.fasta': 
WARNING: Staged file not found for sample '/home/phemarajata/Downloads/bp_finalset/IP-0194.fasta': 
WARNING: Staged file not found for sample '/home/phemarajata/Downloads/bp_finalset/IP-0057.fasta': 
WARNING: Staged file not found for sample '/home/phemarajata/Downloads/bp_finalset/GCA_963566495_1.fasta': 
WARNING: Staged file not found for sample '/home/phemarajata/Downloads/bp_finalset/IP-0107.fasta': 
WARNING: Staged file not found for sample '/home/phemarajata/Downloads/bp_finalset/IE-0022.fasta': 
WARNING: Staged file not found for sample '/home/phemarajata/Downloads/bp_finalset/IP-0121.fasta': 
WARNING: Staged file not found for sample '/home/phemarajata/Downloads/bp_finalset/IP-0004.fasta': 
WARNING: Staged file not found for sample '/home/phemarajata/Downloads/bp_finalset/IP-0084.fasta': 
WARNING: Staged file not found for sample '/home/phemarajata/Downloads/bp_finalset/IP-0162.fasta': 
WARNING: Staged file not found for sample '/home/phemarajata/Downloads/bp_finalset/GCA_963569365_1.fasta': 
WARNING: Staged file not found for sample '/home/phemarajata/Downloads/bp_finalset/IP-0075.fasta': 
WARNING: Staged file not found for sample '/home/phemarajata/Downloads/bp_finalset/IP-0187.fasta': 
WARNING: Staged file not found for sample '/home/phemarajata/Downloads/bp_finalset/IP-0103.fasta': 
WARNING: Staged file not found for sample '/home/phemarajata/Downloads/bp_finalset/IP-0029.fasta': 
WARNING: Staged file not found for sample '/home/phemarajata/Downloads/bp_finalset/GCA_963566765_1.fasta': 
WARNING: Staged file not found for sample '/home/phemarajata/Downloads/bp_finalset/IP-0134.fasta': 
WARNING: Staged file not found for sample '/home/phemarajata/Downloads/bp_finalset/ERS012358.fasta': 
WARNING: Staged file not found for sample '/home/phemarajata/Downloads/bp_finalset/GCA_963562795_1.fasta': 
WARNING: Staged file not found for sample '/home/phemarajata/Downloads/bp_finalset/IP-0054.fasta': 
WARNING: Staged file not found for sample '/home/phemarajata/Downloads/bp_finalset/IP-0022.fasta': 
WARNING: Staged file not found for sample '/home/phemarajata/Downloads/bp_finalset/IP-0137.fasta': 
WARNING: Staged file not found for sample '/home/phemarajata/Downloads/bp_finalset/IP-0111.fasta': 
WARNING: Staged file not found for sample '/home/phemarajata/Downloads/bp_finalset/IP-0097.fasta': 
WARNING: Staged file not found for sample '/home/phemarajata/Downloads/bp_finalset/IE-0013.fasta': 
WARNING: Staged file not found for sample '/home/phemarajata/Downloads/bp_finalset/IP-0156.fasta': 
WARNING: Staged file not found for sample '/home/phemarajata/Downloads/bp_finalset/IP-0081.fasta': 
WARNING: Staged file not found for sample '/home/phemarajata/Downloads/bp_finalset/IP-0108.fasta': 
WARNING: Staged file not found for sample '/home/phemarajata/Downloads/bp_finalset/IP-0141.fasta': 
WARNING: Staged file not found for sample '/home/phemarajata/Downloads/bp_finalset/IE-0004.fasta': 
WARNING: Staged file not found for sample '/home/phemarajata/Downloads/bp_finalset/IE-0014.fasta': 
WARNING: Staged file not found for sample '/home/phemarajata/Downloads/bp_finalset/IP-0173.fasta': 
WARNING: Staged file not found for sample '/home/phemarajata/Downloads/bp_finalset/IP-0031.fasta': 
WARNING: Staged file not found for sample '/home/phemarajata/Downloads/bp_finalset/IP-0181.fasta': 
WARNING: Staged file not found for sample '/home/phemarajata/Downloads/bp_finalset/GCF_014712775_1_Laos.fasta': 
WARNING: Staged file not found for sample '/home/phemarajata/Downloads/bp_finalset/ERS012370.fasta': 
WARNING: Staged file not found for sample '/home/phemarajata/Downloads/bp_finalset/IE-0007.fasta': 
WARNING: Staged file not found for sample '/home/phemarajata/Downloads/bp_finalset/IP-0043.fasta': 
WARNING: Staged file not found for sample '/home/phemarajata/Downloads/bp_finalset/GCA_963560945_1.fasta': 
WARNING: Staged file not found for sample '/home/phemarajata/Downloads/bp_finalset/GCA_963569645_1.fasta': 
WARNING: Staged file not found for sample '/home/phemarajata/Downloads/bp_finalset/GCA_963572615_1.fasta': 
WARNING: Staged file not found for sample '/home/phemarajata/Downloads/bp_finalset/IP-0067.fasta': 
WARNING: Staged file not found for sample '/home/phemarajata/Downloads/bp_finalset/IP-0069.fasta': 
WARNING: Staged file not found for sample '/home/phemarajata/Downloads/bp_finalset/IP-0183.fasta': 
WARNING: Staged file not found for sample '/home/phemarajata/Downloads/bp_finalset/IP-0125.fasta': 
WARNING: Staged file not found for sample '/home/phemarajata/Downloads/bp_finalset/GCA_963568055_1.fasta': 
WARNING: Staged file not found for sample '/home/phemarajata/Downloads/bp_finalset/GCA_963564375_1.fasta': 
WARNING: Staged file not found for sample '/home/phemarajata/Downloads/bp_finalset/IP-0185.fasta': 
WARNING: Staged file not found for sample '/home/phemarajata/Downloads/bp_finalset/IP-0099.fasta': 
WARNING: Staged file not found for sample '/home/phemarajata/Downloads/bp_finalset/IP-0117.fasta': 
WARNING: Staged file not found for sample '/home/phemarajata/Downloads/bp_finalset/IP-0148.fasta': 
WARNING: Staged file not found for sample '/home/phemarajata/Downloads/bp_finalset/IP-0025.fasta': 
WARNING: Staged file not found for sample '/home/phemarajata/Downloads/bp_finalset/GCA_963560915_1.fasta': 
WARNING: Staged file not found for sample '/home/phemarajata/Downloads/bp_finalset/IE-0026.fasta': 
WARNING: Staged file not found for sample '/home/phemarajata/Downloads/bp_finalset/GCF_001207785_2_Malaysia.fasta': 
WARNING: Staged file not found for sample '/home/phemarajata/Downloads/bp_finalset/GCF_000773235_1_Australia.fasta': 
WARNING: Staged file not found for sample '/home/phemarajata/Downloads/bp_finalset/GCA_963565125_1.fasta': 
WARNING: Staged file not found for sample '/home/phemarajata/Downloads/bp_finalset/GCF_009827035_1_Viet_Nam.fasta': 
WARNING: Staged file not found for sample '/home/phemarajata/Downloads/bp_finalset/GCA_963566635_1.fasta': 
WARNING: Staged file not found for sample '/home/phemarajata/Downloads/bp_finalset/IP-0159.fasta': 
WARNING: Staged file not found for sample '/home/phemarajata/Downloads/bp_finalset/IP-0079.fasta': 
WARNING: Staged file not found for sample '/home/phemarajata/Downloads/bp_finalset/GCA_963564305_1.fasta': 
WARNING: Staged file not found for sample '/home/phemarajata/Downloads/bp_finalset/IP-0068.fasta': 
WARNING: Staged file not found for sample '/home/phemarajata/Downloads/bp_finalset/IP-0189.fasta': 
WARNING: Staged file not found for sample '/home/phemarajata/Downloads/bp_finalset/IP-0132.fasta': 
WARNING: Staged file not found for sample '/home/phemarajata/Downloads/bp_finalset/ERS012365.fasta': 
WARNING: Staged file not found for sample '/home/phemarajata/Downloads/bp_finalset/IP-0190.fasta': 
WARNING: Staged file not found for sample '/home/phemarajata/Downloads/bp_finalset/IP-0136.fasta': 
WARNING: Staged file not found for sample '/home/phemarajata/Downloads/bp_finalset/IP-0101.fasta': 
WARNING: Staged file not found for sample '/home/phemarajata/Downloads/bp_finalset/IP-0050.fasta': 
WARNING: Staged file not found for sample '/home/phemarajata/Downloads/bp_finalset/IE-0006.fasta': 
WARNING: Staged file not found for sample '/home/phemarajata/Downloads/bp_finalset/IP-0142.fasta': 
WARNING: Staged file not found for sample '/home/phemarajata/Downloads/bp_finalset/GCF_014712915_1_Laos.fasta': 
WARNING: Staged file not found for sample '/home/phemarajata/Downloads/bp_finalset/GCA_963571975_1.fasta': 
WARNING: Staged file not found for sample '/home/phemarajata/Downloads/bp_finalset/IP-0160.fasta': 
WARNING: Staged file not found for sample '/home/phemarajata/Downloads/bp_finalset/GCA_963570025_1.fasta': 
WARNING: Staged file not found for sample '/home/phemarajata/Downloads/bp_finalset/IP-0149.fasta': 
WARNING: Staged file not found for sample '/home/phemarajata/Downloads/bp_finalset/ERS012363.fasta': 
WARNING: Staged file not found for sample '/home/phemarajata/Downloads/bp_finalset/GCA_963561435_1.fasta': 
WARNING: Staged file not found for sample '/home/phemarajata/Downloads/bp_finalset/IP-0093.fasta': 
WARNING: Staged file not found for sample '/home/phemarajata/Downloads/bp_finalset/GCA_963563155_1.fasta': 
WARNING: Staged file not found for sample '/home/phemarajata/Downloads/bp_finalset/ERS013343.fasta': 
WARNING: Staged file not found for sample '/home/phemarajata/Downloads/bp_finalset/IP-0178.fasta': 
WARNING: Staged file not found for sample '/home/phemarajata/Downloads/bp_finalset/GCA_963563715_1.fasta': 
WARNING: Staged file not found for sample '/home/phemarajata/Downloads/bp_finalset/IP-0193.fasta': 
WARNING: Staged file not found for sample '/home/phemarajata/Downloads/bp_finalset/IP-0144.fasta': 
WARNING: Staged file not found for sample '/home/phemarajata/Downloads/bp_finalset/IP-0152.fasta': 
WARNING: Staged file not found for sample '/home/phemarajata/Downloads/bp_finalset/IP-0062.fasta': 
WARNING: Staged file not found for sample '/home/phemarajata/Downloads/bp_finalset/IE-0019.fasta': 
WARNING: Staged file not found for sample '/home/phemarajata/Downloads/bp_finalset/IP-0151.fasta': 
WARNING: Staged file not found for sample '/home/phemarajata/Downloads/bp_finalset/GCF_000774495_1_Australia.fasta': 
WARNING: Staged file not found for sample '/home/phemarajata/Downloads/bp_finalset/SRR12527885_contigs.fasta': 
WARNING: Staged file not found for sample '/home/phemarajata/Downloads/bp_finalset/GCF_014712935_1_Laos.fasta': 
WARNING: Staged file not found for sample '/home/phemarajata/Downloads/bp_finalset/IP-0122.fasta': 
WARNING: Staged file not found for sample '/home/phemarajata/Downloads/bp_finalset/IP-0147.fasta': 
WARNING: Staged file not found for sample '/home/phemarajata/Downloads/bp_finalset/IP-0028.fasta': 
WARNING: Staged file not found for sample '/home/phemarajata/Downloads/bp_finalset/ERS012313.fasta': 
WARNING: Staged file not found for sample '/home/phemarajata/Downloads/bp_finalset/ERS013348.fasta': 
WARNING: Staged file not found for sample '/home/phemarajata/Downloads/bp_finalset/IP-0064.fasta': 
WARNING: Staged file not found for sample '/home/phemarajata/Downloads/bp_finalset/IP-0155.fasta': 
WARNING: Staged file not found for sample '/home/phemarajata/Downloads/bp_finalset/IP-0073.fasta': 
WARNING: Staged file not found for sample '/home/phemarajata/Downloads/bp_finalset/IP-0200.fasta': 
WARNING: Staged file not found for sample '/home/phemarajata/Downloads/bp_finalset/IP-0164.fasta': 
WARNING: Staged file not found for sample '/home/phemarajata/Downloads/bp_finalset/IP-0177.fasta': 
WARNING: Staged file not found for sample '/home/phemarajata/Downloads/bp_finalset/IP-0165.fasta': 
WARNING: Staged file not found for sample '/home/phemarajata/Downloads/bp_finalset/IP-0157.fasta': 
WARNING: Staged file not found for sample '/home/phemarajata/Downloads/bp_finalset/IP-0063.fasta': 
WARNING: Staged file not found for sample '/home/phemarajata/Downloads/bp_finalset/IP-0060.fasta': 
WARNING: Staged file not found for sample '/home/phemarajata/Downloads/bp_finalset/GCA_963571055_1.fasta': 
WARNING: Staged file not found for sample '/home/phemarajata/Downloads/bp_finalset/IP-0129.fasta': 
WARNING: Staged file not found for sample '/home/phemarajata/Downloads/bp_finalset/IP-0023.fasta': 
WARNING: Staged file not found for sample '/home/phemarajata/Downloads/bp_finalset/IP-0199.fasta': 
WARNING: Staged file not found for sample '/home/phemarajata/Downloads/bp_finalset/IP-0046.fasta': 
WARNING: Staged file not found for sample '/home/phemarajata/Downloads/bp_finalset/ERS012320.fasta': 
WARNING: Staged file not found for sample '/home/phemarajata/Downloads/bp_finalset/IP-0033.fasta': 
WARNING: Staged file not found for sample '/home/phemarajata/Downloads/bp_finalset/IP-0041.fasta': 
WARNING: Staged file not found for sample '/home/phemarajata/Downloads/bp_finalset/IP-0098.fasta': 
WARNING: Staged file not found for sample '/home/phemarajata/Downloads/bp_finalset/IP-0127.fasta': 
WARNING: Staged file not found for sample '/home/phemarajata/Downloads/bp_finalset/GCA_963562695_1.fasta': 
WARNING: Staged file not found for sample '/home/phemarajata/Downloads/bp_finalset/IP-0104.fasta': 
WARNING: Staged file not found for sample '/home/phemarajata/Downloads/bp_finalset/IP-0080.fasta': 
WARNING: Staged file not found for sample '/home/phemarajata/Downloads/bp_finalset/IP-0091.fasta': 
WARNING: Staged file not found for sample '/home/phemarajata/Downloads/bp_finalset/IP-0034.fasta': 
WARNING: Staged file not found for sample '/home/phemarajata/Downloads/bp_finalset/IP-0071.fasta': 
WARNING: Staged file not found for sample '/home/phemarajata/Downloads/bp_finalset/IE-0018.fasta': 
WARNING: Staged file not found for sample '/home/phemarajata/Downloads/bp_finalset/IP-0011.fasta': 
WARNING: Staged file not found for sample '/home/phemarajata/Downloads/bp_finalset/IP-0065.fasta': 
WARNING: Staged file not found for sample '/home/phemarajata/Downloads/bp_finalset/GCF_003268105_1_Viet_Nam.fasta': 
WARNING: Staged file not found for sample '/home/phemarajata/Downloads/bp_finalset/IP-0070.fasta': 
WARNING: Staged file not found for sample '/home/phemarajata/Downloads/bp_finalset/IE-0011.fasta': 
WARNING: Staged file not found for sample '/home/phemarajata/Downloads/bp_finalset/IP-0047.fasta': 
WARNING: Staged file not found for sample '/home/phemarajata/Downloads/bp_finalset/IP-0139.fasta': 
WARNING: Staged file not found for sample '/home/phemarajata/Downloads/bp_finalset/IP-0030.fasta': 
WARNING: Staged file not found for sample '/home/phemarajata/Downloads/bp_finalset/GCA_963569685_1.fasta': 
WARNING: Staged file not found for sample '/home/phemarajata/Downloads/bp_finalset/IP-0076.fasta': 
WARNING: Staged file not found for sample '/home/phemarajata/Downloads/bp_finalset/IP-0170.fasta': 
WARNING: Staged file not found for sample '/home/phemarajata/Downloads/bp_finalset/IP-0158.fasta': 
WARNING: Staged file not found for sample '/home/phemarajata/Downloads/bp_finalset/IP-0113.fasta': 
WARNING: Staged file not found for sample '/home/phemarajata/Downloads/bp_finalset/IP-0010.fasta': 
WARNING: Staged file not found for sample '/home/phemarajata/Downloads/bp_finalset/IP-0036.fasta': 
WARNING: Staged file not found for sample '/home/phemarajata/Downloads/bp_finalset/IP-0197.fasta': 
WARNING: Staged file not found for sample '/home/phemarajata/Downloads/bp_finalset/IP-0059.fasta': 
WARNING: Staged file not found for sample '/home/phemarajata/Downloads/bp_finalset/IP-0017.fasta': 
WARNING: Staged file not found for sample '/home/phemarajata/Downloads/bp_finalset/GCA_963567935_1.fasta': 
WARNING: Staged file not found for sample '/home/phemarajata/Downloads/bp_finalset/IP-0056.fasta': 
WARNING: Staged file not found for sample '/home/phemarajata/Downloads/bp_finalset/IE-0016.fasta': 
WARNING: Staged file not found for sample '/home/phemarajata/Downloads/bp_finalset/IP-0037.fasta': 
WARNING: Staged file not found for sample '/home/phemarajata/Downloads/bp_finalset/IP-0143.fasta': 
WARNING: Staged file not found for sample '/home/phemarajata/Downloads/bp_finalset/ERS013346.fasta': 
WARNING: Staged file not found for sample '/home/phemarajata/Downloads/bp_finalset/IE-0017.fasta': 
WARNING: Staged file not found for sample '/home/phemarajata/Downloads/bp_finalset/GCA_963566855_1.fasta': 
WARNING: Staged file not found for sample '/home/phemarajata/Downloads/bp_finalset/IP-0153.fasta': 
WARNING: Staged file not found for sample '/home/phemarajata/Downloads/bp_finalset/IP-0133.fasta': 
WARNING: Staged file not found for sample '/home/phemarajata/Downloads/bp_finalset/IP-0175.fasta': 
WARNING: Staged file not found for sample '/home/phemarajata/Downloads/bp_finalset/IP-0035.fasta': 
WARNING: Staged file not found for sample '/home/phemarajata/Downloads/bp_finalset/IE-0015.fasta': 
WARNING: Staged file not found for sample '/home/phemarajata/Downloads/bp_finalset/IE-0012.fasta': 
WARNING: Staged file not found for sample '/home/phemarajata/Downloads/bp_finalset/IP-0074.fasta': 
WARNING: Staged file not found for sample '/home/phemarajata/Downloads/bp_finalset/IP-0191.fasta': 
WARNING: Staged file not found for sample '/home/phemarajata/Downloads/bp_finalset/IP-0105.fasta': 
WARNING: Staged file not found for sample '/home/phemarajata/Downloads/bp_finalset/IP-0040.fasta': 
WARNING: Staged file not found for sample '/home/phemarajata/Downloads/bp_finalset/GCA_963560585_1.fasta': 
WARNING: Staged file not found for sample '/home/phemarajata/Downloads/bp_finalset/IP-0184.fasta': 
WARNING: Staged file not found for sample '/home/phemarajata/Downloads/bp_finalset/IP-0161.fasta': 
WARNING: Staged file not found for sample '/home/phemarajata/Downloads/bp_finalset/IP-0007.fasta': 
WARNING: Staged file not found for sample '/home/phemarajata/Downloads/bp_finalset/ERS012309.fasta': 
WARNING: Staged file not found for sample '/home/phemarajata/Downloads/bp_finalset/IP-0083.fasta': 
WARNING: Staged file not found for sample '/home/phemarajata/Downloads/bp_finalset/IP-0172.fasta': 
WARNING: Staged file not found for sample '/home/phemarajata/Downloads/bp_finalset/IP-0058.fasta': 
WARNING: Staged file not found for sample '/home/phemarajata/Downloads/bp_finalset/IP-0196.fasta': 
WARNING: Staged file not found for sample '/home/phemarajata/Downloads/bp_finalset/GCA_963562655_1.fasta': 
WARNING: Staged file not found for sample '/home/phemarajata/Downloads/bp_finalset/IP-0024.fasta': 
WARNING: Staged file not found for sample '/home/phemarajata/Downloads/bp_finalset/GCA_963568785_1.fasta': 
WARNING: Staged file not found for sample '/home/phemarajata/Downloads/bp_finalset/GCA_963561215_1.fasta': 
WARNING: Staged file not found for sample '/home/phemarajata/Downloads/bp_finalset/IP-0003.fasta': 
WARNING: Staged file not found for sample '/home/phemarajata/Downloads/bp_finalset/IP-0020.fasta': 
WARNING: Staged file not found for sample '/home/phemarajata/Downloads/bp_finalset/GCA_963561855_1.fasta': 
WARNING: Staged file not found for sample '/home/phemarajata/Downloads/bp_finalset/IP-0146.fasta': 
WARNING: Staged file not found for sample '/home/phemarajata/Downloads/bp_finalset/GCA_963571005_1.fasta': 
WARNING: Staged file not found for sample '/home/phemarajata/Downloads/bp_finalset/IP-0128.fasta': 
WARNING: Staged file not found for sample '/home/phemarajata/Downloads/bp_finalset/IP-0124.fasta': 
WARNING: Staged file not found for sample '/home/phemarajata/Downloads/bp_finalset/GCA_963563525_1.fasta': 
WARNING: Staged file not found for sample '/home/phemarajata/Downloads/bp_finalset/IP-0176.fasta': 
WARNING: Staged file not found for sample '/home/phemarajata/Downloads/bp_finalset/IP-0115.fasta': 
WARNING: Staged file not found for sample '/home/phemarajata/Downloads/bp_finalset/IP-0053.fasta': 
WARNING: Staged file not found for sample '/home/phemarajata/Downloads/bp_finalset/IP-0042.fasta': 
WARNING: Staged file not found for sample '/home/phemarajata/Downloads/bp_finalset/IP-0048.fasta': 
WARNING: Staged file not found for sample '/home/phemarajata/Downloads/bp_finalset/IP-0090.fasta': 
WARNING: Staged file not found for sample '/home/phemarajata/Downloads/bp_finalset/ERS013352.fasta': 
WARNING: Staged file not found for sample '/home/phemarajata/Downloads/bp_finalset/IP-0092.fasta': 
WARNING: Staged file not found for sample '/home/phemarajata/Downloads/bp_finalset/IP-0027.fasta': 
WARNING: Staged file not found for sample '/home/phemarajata/Downloads/bp_finalset/IP-0119.fasta': 
WARNING: Staged file not found for sample '/home/phemarajata/Downloads/bp_finalset/ERS013354.fasta': 
WARNING: Staged file not found for sample '/home/phemarajata/Downloads/bp_finalset/IP-0021.fasta': 
WARNING: Staged file not found for sample '/home/phemarajata/Downloads/bp_finalset/GCF_014713085_1_Laos.fasta': 
WARNING: Staged file not found for sample '/home/phemarajata/Downloads/bp_finalset/IP-0095.fasta': 
WARNING: Staged file not found for sample '/home/phemarajata/Downloads/bp_finalset/GCF_014712835_1_Laos.fasta': 
WARNING: Staged file not found for sample '/home/phemarajata/Downloads/bp_finalset/ERS013364.fasta': 
WARNING: Staged file not found for sample '/home/phemarajata/Downloads/bp_finalset/GCA_963565565_1.fasta': 
WARNING: Staged file not found for sample '/home/phemarajata/Downloads/bp_finalset/GCF_002111145_1_USA_Arizona_ex_Costa_Rica.fasta': 
WARNING: Staged file not found for sample '/home/phemarajata/Downloads/bp_finalset/GCA_963571475_1.fasta': 
WARNING: Staged file not found for sample '/home/phemarajata/Downloads/bp_finalset/GCA_963573095_1.fasta': 
WARNING: Staged file not found for sample '/home/phemarajata/Downloads/bp_finalset/IP-0019.fasta': 
WARNING: Staged file not found for sample '/home/phemarajata/Downloads/bp_finalset/GCF_014712895_1_Laos.fasta': 
WARNING: Staged file not found for sample '/home/phemarajata/Downloads/bp_finalset/GCA_963566175_1.fasta': 
WARNING: Staged file not found for sample '/home/phemarajata/Downloads/bp_finalset/IP-0123.fasta': 
WARNING: Staged file not found for sample '/home/phemarajata/Downloads/bp_finalset/GCA_963563635_1.fasta': 
WARNING: Staged file not found for sample '/home/phemarajata/Downloads/bp_finalset/IP-0114.fasta': 
WARNING: Staged file not found for sample '/home/phemarajata/Downloads/bp_finalset/IP-0166.fasta': 
WARNING: Staged file not found for sample '/home/phemarajata/Downloads/bp_finalset/ERS012316.fasta': 
WARNING: Staged file not found for sample '/home/phemarajata/Downloads/bp_finalset/IE-0010.fasta': 
WARNING: Staged file not found for sample '/home/phemarajata/Downloads/bp_finalset/IP-0072.fasta': 
WARNING: Staged file not found for sample '/home/phemarajata/Downloads/bp_finalset/IP-0145.fasta': 
WARNING: Staged file not found for sample '/home/phemarajata/Downloads/bp_finalset/IP-0180.fasta': 
WARNING: Staged file not found for sample '/home/phemarajata/Downloads/bp_finalset/IP-0138.fasta': 
WARNING: Staged file not found for sample '/home/phemarajata/Downloads/bp_finalset/GCA_963569795_1.fasta': 
WARNING: Staged file not found for sample '/home/phemarajata/Downloads/bp_finalset/IP-0118.fasta': 
WARNING: Staged file not found for sample '/home/phemarajata/Downloads/bp_finalset/IP-0066.fasta': 
WARNING: Staged file not found for sample '/home/phemarajata/Downloads/bp_finalset/IP-0045.fasta': 
WARNING: Staged file not found for sample '/home/phemarajata/Downloads/bp_finalset/GCF_003268075_1_Viet_Nam.fasta': 
WARNING: Staged file not found for sample '/home/phemarajata/Downloads/bp_finalset/GCA_963562615_1.fasta': 
WARNING: Staged file not found for sample '/home/phemarajata/Downloads/bp_finalset/IP-0179.fasta': 
WARNING: Staged file not found for sample '/home/phemarajata/Downloads/bp_finalset/IP-0195.fasta': 
WARNING: Staged file not found for sample '/home/phemarajata/Downloads/bp_finalset/IP-0086.fasta': 
WARNING: Staged file not found for sample '/home/phemarajata/Downloads/bp_finalset/ERS012362.fasta': 
WARNING: Staged file not found for sample '/home/phemarajata/Downloads/bp_finalset/IP-0038.fasta': 
WARNING: Staged file not found for sample '/home/phemarajata/Downloads/bp_finalset/IP-0061.fasta': 
WARNING: Staged file not found for sample '/home/phemarajata/Downloads/bp_finalset/ERS012307.fasta': 
WARNING: Staged file not found for sample '/home/phemarajata/Downloads/bp_finalset/GCA_963562965_1.fasta': 
WARNING: Staged file not found for sample '/home/phemarajata/Downloads/bp_finalset/IP-0039.fasta': 
WARNING: Staged file not found for sample '/home/phemarajata/Downloads/bp_finalset/IP-0052.fasta': 
WARNING: Staged file not found for sample '/home/phemarajata/Downloads/bp_finalset/IP-0186.fasta': 
WARNING: Staged file not found for sample '/home/phemarajata/Downloads/bp_finalset/IP-0106.fasta': 
WARNING: Staged file not found for sample '/home/phemarajata/Downloads/bp_finalset/IP-0049.fasta': 
WARNING: Staged file not found for sample '/home/phemarajata/Downloads/bp_finalset/IP-0085.fasta': 
WARNING: Staged file not found for sample '/home/phemarajata/Downloads/bp_finalset/GCA_963570105_1.fasta': 
WARNING: Staged file not found for sample '/home/phemarajata/Downloads/bp_finalset/GCA_963561075_1.fasta': 
WARNING: Staged file not found for sample '/home/phemarajata/Downloads/bp_finalset/IP-0168.fasta': 
WARNING: Staged file not found for sample '/home/phemarajata/Downloads/bp_finalset/IP-0088.fasta': 
WARNING: Staged file not found for sample '/home/phemarajata/Downloads/bp_finalset/IP-0126.fasta': 
WARNING: Staged file not found for sample '/home/phemarajata/Downloads/bp_finalset/GCA_963565485_1.fasta': 
WARNING: Staged file not found for sample '/home/phemarajata/Downloads/bp_finalset/ERS012306.fasta': 
WARNING: Staged file not found for sample '/home/phemarajata/Downloads/bp_finalset/IP-0005.fasta': 
WARNING: Staged file not found for sample '/home/phemarajata/Downloads/bp_finalset/GCA_963565395_1.fasta': 
WARNING: Staged file not found for sample '/home/phemarajata/Downloads/bp_finalset/IP-0032.fasta': 
WARNING: Staged file not found for sample '/home/phemarajata/Downloads/bp_finalset/IP-0116.fasta': 
WARNING: Staged file not found for sample '/home/phemarajata/Downloads/bp_finalset/GCA_963566625_1.fasta': 
WARNING: Staged file not found for sample '/home/phemarajata/Downloads/bp_finalset/GCA_963566695_1.fasta': 
WARNING: Staged file not found for sample '/home/phemarajata/Downloads/bp_finalset/IP-0192.fasta': 
WARNING: Staged file not found for sample '/home/phemarajata/Downloads/bp_finalset/IP-0078.fasta': 
WARNING: Staged file not found for sample '/home/phemarajata/Downloads/bp_finalset/ERS012312.fasta': 
WARNING: Staged file not found for sample '/home/phemarajata/Downloads/bp_finalset/IP-0082.fasta': 
WARNING: Staged file not found for sample '/home/phemarajata/Downloads/bp_finalset/IP-0135.fasta': 
WARNING: Staged file not found for sample '/home/phemarajata/Downloads/bp_finalset/IP-0140.fasta': 
WARNING: Staged file not found for sample '/home/phemarajata/Downloads/bp_finalset/IP-0009.fasta': 
WARNING: Staged file not found for sample '/home/phemarajata/Downloads/bp_finalset/IP-0188.fasta': 
WARNING: Staged file not found for sample '/home/phemarajata/Downloads/bp_finalset/GCA_963563065_1.fasta': 
WARNING: Staged file not found for sample '/home/phemarajata/Downloads/bp_finalset/ERS012332.fasta': 
WARNING: Staged file not found for sample '/home/phemarajata/Downloads/bp_finalset/IP-0077.fasta': 
WARNING: Staged file not found for sample '/home/phemarajata/Downloads/bp_finalset/IP-0174.fasta': 
WARNING: Staged file not found for sample '/home/phemarajata/Downloads/bp_finalset/IP-0130.fasta': 
Assigning 0 genomes to PopPUNK clusters...
Setting resource limits...
Memory limits set: Virtual/Physical=48 GB
Using 8 threads.
PopPUNK: assign
	(with backend: sketchlib v2.1.4
	 sketchlib: /opt/conda/envs/poppunk-env/lib/python3.12/site-packages/pp_sketchlib.cpython-312-x86_64-linux-gnu.so)
Mode: Assigning clusters of query sequences


Graph-tools OpenMP parallelisation enabled: with 8 threads
Traceback (most recent call last):
  File "/opt/conda/envs/poppunk-env/bin/poppunk_assign", line 11, in <module>
    sys.exit(main())
             ^^^^^^
  File "/opt/conda/envs/poppunk-env/lib/python3.12/site-packages/PopPUNK/assign.py", line 217, in main
    assign_query(dbFuncs,
  File "/opt/conda/envs/poppunk-env/lib/python3.12/site-packages/PopPUNK/assign.py", line 292, in assign_query
    qNames = constructDatabase(q_files,
             ^^^^^^^^^^^^^^^^^^^^^^^^^^
  File "/opt/conda/envs/poppunk-env/lib/python3.12/site-packages/PopPUNK/sketchlib.py", line 400, in constructDatabase
    names, sequences = readRfile(assemblyList)
                       ^^^^^^^^^^^^^^^^^^^^^^^
  File "/opt/conda/envs/poppunk-env/lib/python3.12/site-packages/PopPUNK/utils.py", line 469, in readRfile
    names, sequences = [list(r_tuple) for r_tuple in tuples]
    ^^^^^^^^^^^^^^^^
ValueError: not enough values to unpack (expected 2, got 0)
PopPUNK: assign
	(with backend: sketchlib v2.1.4
	 sketchlib: /opt/conda/envs/poppunk-env/lib/python3.12/site-packages/pp_sketchlib.cpython-312-x86_64-linux-gnu.so)
Mode: Assigning clusters of query sequences


Graph-tools OpenMP parallelisation enabled: with 2 threads
Traceback (most recent call last):
  File "/opt/conda/envs/poppunk-env/bin/poppunk_assign", line 11, in <module>
    sys.exit(main())
             ^^^^^^
  File "/opt/conda/envs/poppunk-env/lib/python3.12/site-packages/PopPUNK/assign.py", line 217, in main
    assign_query(dbFuncs,
  File "/opt/conda/envs/poppunk-env/lib/python3.12/site-packages/PopPUNK/assign.py", line 292, in assign_query
    qNames = constructDatabase(q_files,
             ^^^^^^^^^^^^^^^^^^^^^^^^^^
  File "/opt/conda/envs/poppunk-env/lib/python3.12/site-packages/PopPUNK/sketchlib.py", line 400, in constructDatabase
    names, sequences = readRfile(assemblyList)
                       ^^^^^^^^^^^^^^^^^^^^^^^
  File "/opt/conda/envs/poppunk-env/lib/python3.12/site-packages/PopPUNK/utils.py", line 469, in readRfile
    names, sequences = [list(r_tuple) for r_tuple in tuples]
    ^^^^^^^^^^^^^^^^
ValueError: not enough values to unpack (expected 2, got 0)
PopPUNK: assign
	(with backend: sketchlib v2.1.4
	 sketchlib: /opt/conda/envs/poppunk-env/lib/python3.12/site-packages/pp_sketchlib.cpython-312-x86_64-linux-gnu.so)
Mode: Assigning clusters of query sequences


Graph-tools OpenMP parallelisation enabled: with 1 threads
Traceback (most recent call last):
  File "/opt/conda/envs/poppunk-env/bin/poppunk_assign", line 11, in <module>
    sys.exit(main())
             ^^^^^^
  File "/opt/conda/envs/poppunk-env/lib/python3.12/site-packages/PopPUNK/assign.py", line 217, in main
    assign_query(dbFuncs,
  File "/opt/conda/envs/poppunk-env/lib/python3.12/site-packages/PopPUNK/assign.py", line 292, in assign_query
    qNames = constructDatabase(q_files,
             ^^^^^^^^^^^^^^^^^^^^^^^^^^
  File "/opt/conda/envs/poppunk-env/lib/python3.12/site-packages/PopPUNK/sketchlib.py", line 400, in constructDatabase
    names, sequences = readRfile(assemblyList)
                       ^^^^^^^^^^^^^^^^^^^^^^^
  File "/opt/conda/envs/poppunk-env/lib/python3.12/site-packages/PopPUNK/utils.py", line 469, in readRfile
    names, sequences = [list(r_tuple) for r_tuple in tuples]
    ^^^^^^^^^^^^^^^^
ValueError: not enough values to unpack (expected 2, got 0)
❌ All PopPUNK assignment attempts failed.
