Jul-06 22:27:04.444 [main] DEBUG nextflow.cli.Launcher - $> nextflow run main.nf --input /home/phemarajata/Downloads/bp_finalset/ --resultsDir /home/phemarajata/Downloads/bp_finalset/combined_results --threads 8 --ram '32 GB' -profile local -resume
Jul-06 22:27:04.516 [main] DEBUG nextflow.cli.CmdRun - N E X T F L O W  ~  version 25.04.4
Jul-06 22:27:04.540 [main] DEBUG nextflow.plugin.PluginsFacade - Setting up plugin manager > mode=prod; embedded=false; plugins-dir=/home/phemarajata/.nextflow/plugins; core-plugins: nf-amazon@2.15.0,nf-azure@1.16.0,nf-cloudcache@0.4.3,nf-codecommit@0.2.3,nf-console@1.2.1,nf-google@1.21.0,nf-k8s@1.0.0,nf-tower@1.11.3,nf-wave@1.12.1
Jul-06 22:27:04.556 [main] INFO  o.pf4j.DefaultPluginStatusProvider - Enabled plugins: []
Jul-06 22:27:04.557 [main] INFO  o.pf4j.DefaultPluginStatusProvider - Disabled plugins: []
Jul-06 22:27:04.559 [main] INFO  org.pf4j.DefaultPluginManager - PF4J version 3.12.0 in 'deployment' mode
Jul-06 22:27:04.566 [main] INFO  org.pf4j.AbstractPluginManager - No plugins
Jul-06 22:27:04.579 [main] DEBUG nextflow.config.ConfigBuilder - Found config local: /home/phemarajata/combined_poppunk_poppipe/nextflow.config
Jul-06 22:27:04.580 [main] DEBUG nextflow.config.ConfigBuilder - Parsing config file: /home/phemarajata/combined_poppunk_poppipe/nextflow.config
Jul-06 22:27:04.597 [main] DEBUG n.secret.LocalSecretsProvider - Secrets store: /home/phemarajata/.nextflow/secrets/store.json
Jul-06 22:27:04.601 [main] DEBUG nextflow.secret.SecretsLoader - Discovered secrets providers: [nextflow.secret.LocalSecretsProvider@c68a5f8] - activable => nextflow.secret.LocalSecretsProvider@c68a5f8
Jul-06 22:27:04.614 [main] DEBUG nextflow.config.ConfigBuilder - Applying config profile: `local`
Jul-06 22:27:05.317 [main] DEBUG nextflow.config.ConfigBuilder - Available config profiles: [standard, slurm, pbs, test_segfault, test, conda, singularity, aws, local, docker]
Jul-06 22:27:05.345 [main] DEBUG nextflow.cli.CmdRun - Applied DSL=2 from script declaration
Jul-06 22:27:05.357 [main] DEBUG nextflow.cli.CmdRun - Launching `main.nf` [sick_ampere] DSL2 - revision: 0331ac0d17
Jul-06 22:27:05.358 [main] DEBUG nextflow.plugin.PluginsFacade - Plugins default=[]
Jul-06 22:27:05.358 [main] DEBUG nextflow.plugin.PluginsFacade - Plugins resolved requirement=[]
Jul-06 22:27:05.395 [main] DEBUG nextflow.Session - Session UUID: b638dd77-ee8c-4982-8daa-e0a7a3cd6aad
Jul-06 22:27:05.395 [main] DEBUG nextflow.Session - Run name: sick_ampere
Jul-06 22:27:05.396 [main] DEBUG nextflow.Session - Executor pool size: 22
Jul-06 22:27:05.403 [main] DEBUG nextflow.file.FilePorter - File porter settings maxRetries=3; maxTransfers=50; pollTimeout=null
Jul-06 22:27:05.407 [main] DEBUG nextflow.util.ThreadPoolBuilder - Creating thread pool 'FileTransfer' minSize=10; maxSize=66; workQueue=LinkedBlockingQueue[-1]; allowCoreThreadTimeout=false
Jul-06 22:27:05.422 [main] DEBUG nextflow.cli.CmdRun - 
  Version: 25.04.4 build 5950
  Created: 16-06-2025 14:23 UTC (21:23 ICST)
  System: Linux 6.11.0-29-generic
  Runtime: Groovy 4.0.26 on Java HotSpot(TM) 64-Bit Server VM 17.0.12+8-LTS-286
  Encoding: UTF-8 (UTF-8)
  Process: 3375439@phemarajata-Stealth-16-MercedesAMG-A1VGG [127.0.1.1]
  CPUs: 22 - Mem: 62.3 GB (14 GB) - Swap: 8 GB (7.2 GB)
Jul-06 22:27:05.448 [main] DEBUG nextflow.Session - Work-dir: /home/phemarajata/combined_poppunk_poppipe/work [ext2/ext3]
Jul-06 22:27:05.476 [main] DEBUG nextflow.executor.ExecutorFactory - Extension executors providers=[]
Jul-06 22:27:05.484 [main] DEBUG nextflow.Session - Observer factory: DefaultObserverFactory
Jul-06 22:27:05.506 [main] DEBUG nextflow.Session - Observer factory (v2): LinObserverFactory
Jul-06 22:27:05.533 [main] DEBUG nextflow.cache.CacheFactory - Using Nextflow cache factory: nextflow.cache.DefaultCacheFactory
Jul-06 22:27:05.540 [main] DEBUG nextflow.util.CustomThreadPool - Creating default thread pool > poolSize: 23; maxThreads: 1000
Jul-06 22:27:05.582 [main] DEBUG nextflow.Session - Session start
Jul-06 22:27:05.585 [main] DEBUG nextflow.trace.TraceFileObserver - Workflow started -- trace file: /home/phemarajata/Downloads/bp_finalset/combined_results/reports/trace_local.txt
Jul-06 22:27:05.804 [main] DEBUG nextflow.script.ScriptRunner - > Launching execution
Jul-06 22:27:05.809 [main] INFO  nextflow.script.BaseScript - ▶ FASTA input directory:  /home/phemarajata/Downloads/bp_finalset/
Jul-06 22:27:05.810 [main] INFO  nextflow.script.BaseScript - ▶ Results directory:      /home/phemarajata/Downloads/bp_finalset/combined_results
Jul-06 22:27:05.810 [main] INFO  nextflow.script.BaseScript - ▶ Threads / RAM:          8  /  32 GB
Jul-06 22:27:06.154 [main] DEBUG nextflow.script.ScriptRunner - Parsed script files:
  Script_ff0ff38a32295335: /home/phemarajata/combined_poppunk_poppipe/main.nf
  Script_7417cabf5d46dadf: /home/phemarajata/combined_poppunk_poppipe/modules/local/mash_dist.nf
  Script_5611570655ad6fc9: /home/phemarajata/combined_poppunk_poppipe/modules/local/bin_subsample.nf
  Script_4ace5e759a8fd03a: /home/phemarajata/combined_poppunk_poppipe/modules/local/poppunk_model.nf
  Script_a1ab2c7ded95b477: /home/phemarajata/combined_poppunk_poppipe/modules/local/ska_align.nf
  Script_00de19485908237f: /home/phemarajata/combined_poppunk_poppipe/modules/local/split_strains.nf
  Script_518c006f7c7b15fc: /home/phemarajata/combined_poppunk_poppipe/modules/local/ska_build.nf
  Script_be1c31d711cb8000: /home/phemarajata/combined_poppunk_poppipe/modules/local/poppunk_assign.nf
  Script_3bfdf3d13cba7e61: /home/phemarajata/combined_poppunk_poppipe/modules/local/ska_map.nf
  Script_88a5b1b43f8fb81a: /home/phemarajata/combined_poppunk_poppipe/modules/local/generate_nj.nf
  Script_c5fe5904ff10ff7f: /home/phemarajata/combined_poppunk_poppipe/modules/local/sketchlib_dists.nf
  Script_e3cbaa021b6fbf01: /home/phemarajata/combined_poppunk_poppipe/modules/local/validate_fasta.nf
  Script_2a94688d5202e40d: /home/phemarajata/combined_poppunk_poppipe/modules/local/mash_sketch.nf
  Script_5d8500f795f4619c: /home/phemarajata/combined_poppunk_poppipe/modules/local/summary_report.nf
Jul-06 22:27:06.162 [main] ERROR nextflow.cli.Launcher - Module compilation error
- file : /home/phemarajata/combined_poppunk_poppipe/modules/local/iq_tree.nf
- cause: token recognition error at: '"' @ line 40, column 36.
           number_pattern = "^[0-9.]+$"
                                      ^

1 error

nextflow.exception.ScriptCompilationException: Module compilation error
- file : /home/phemarajata/combined_poppunk_poppipe/modules/local/iq_tree.nf
- cause: token recognition error at: '"' @ line 40, column 36.
           number_pattern = "^[0-9.]+$"
                                      ^

1 error

	at nextflow.script.parser.v1.ScriptLoaderV1.parse0(ScriptLoaderV1.groovy:204)
	at nextflow.script.parser.v1.ScriptLoaderV1.parse(ScriptLoaderV1.groovy:215)
	at nextflow.script.parser.v1.ScriptLoaderV1.runScript(ScriptLoaderV1.groovy:230)
	at nextflow.script.IncludeDef.memoizedMethodPriv$loadModuleV1PathMapSession(IncludeDef.groovy:166)
	at nextflow.script.IncludeDef.access$1(IncludeDef.groovy)
	at nextflow.script.IncludeDef$__clinit__closure3.doCall(IncludeDef.groovy)
	at java.base/jdk.internal.reflect.NativeMethodAccessorImpl.invoke0(Native Method)
	at java.base/jdk.internal.reflect.NativeMethodAccessorImpl.invoke(NativeMethodAccessorImpl.java:77)
	at java.base/jdk.internal.reflect.DelegatingMethodAccessorImpl.invoke(DelegatingMethodAccessorImpl.java:43)
	at java.base/java.lang.reflect.Method.invoke(Method.java:568)
	at org.codehaus.groovy.reflection.CachedMethod.invoke(CachedMethod.java:343)
	at groovy.lang.MetaMethod.doMethodInvoke(MetaMethod.java:328)
	at org.codehaus.groovy.runtime.metaclass.ClosureMetaClass.invokeMethod(ClosureMetaClass.java:280)
	at groovy.lang.MetaClassImpl.invokeMethod(MetaClassImpl.java:1007)
	at groovy.lang.Closure.call(Closure.java:433)
	at org.codehaus.groovy.runtime.memoize.Memoize$MemoizeFunction.lambda$call$0(Memoize.java:137)
	at org.codehaus.groovy.runtime.memoize.ConcurrentCommonCache.getAndPut(ConcurrentCommonCache.java:137)
	at org.codehaus.groovy.runtime.memoize.ConcurrentCommonCache.getAndPut(ConcurrentCommonCache.java:113)
	at org.codehaus.groovy.runtime.memoize.Memoize$MemoizeFunction.call(Memoize.java:136)
	at nextflow.script.IncludeDef.loadModuleV1(IncludeDef.groovy)
	at nextflow.script.IncludeDef.load0(IncludeDef.groovy:113)
	at org.codehaus.groovy.vmplugin.v8.IndyInterface.fromCache(IndyInterface.java:321)
	at Script_ff0ff38a32295335.runScript(Script_ff0ff38a32295335:34)
	at org.codehaus.groovy.vmplugin.v8.IndyInterface.fromCache(IndyInterface.java:321)
	at nextflow.script.BaseScript.run0(BaseScript.groovy:159)
	at org.codehaus.groovy.vmplugin.v8.IndyInterface.fromCache(IndyInterface.java:321)
	at nextflow.script.BaseScript.run(BaseScript.groovy:193)
	at nextflow.script.parser.v1.ScriptLoaderV1.runScript(ScriptLoaderV1.groovy:246)
	at nextflow.script.parser.v1.ScriptLoaderV1.runScript(ScriptLoaderV1.groovy)
	at nextflow.script.ScriptRunner.run(ScriptRunner.groovy:246)
	at nextflow.script.ScriptRunner.execute(ScriptRunner.groovy:139)
	at nextflow.cli.CmdRun.run(CmdRun.groovy:379)
	at nextflow.cli.Launcher.run(Launcher.groovy:513)
	at nextflow.cli.Launcher.main(Launcher.groovy:673)
Caused by: org.codehaus.groovy.control.MultipleCompilationErrorsException: startup failed:
Script_2a7fc6e664b20654: 40: token recognition error at: '"' @ line 40, column 36.
           number_pattern = "^[0-9.]+$"
                                      ^

1 error

	at org.codehaus.groovy.control.ErrorCollector.failIfErrors(ErrorCollector.java:292)
	at org.codehaus.groovy.control.ErrorCollector.addFatalError(ErrorCollector.java:148)
	at org.apache.groovy.parser.antlr4.AstBuilder.collectSyntaxError(AstBuilder.java:4730)
	at org.apache.groovy.parser.antlr4.AstBuilder.access$100(AstBuilder.java:169)
	at org.apache.groovy.parser.antlr4.AstBuilder$3.syntaxError(AstBuilder.java:4741)
	at groovyjarjarantlr4.v4.runtime.ProxyErrorListener.syntaxError(ProxyErrorListener.java:44)
	at groovyjarjarantlr4.v4.runtime.Lexer.notifyListeners(Lexer.java:381)
	at groovyjarjarantlr4.v4.runtime.Lexer.nextToken(Lexer.java:145)
	at groovyjarjarantlr4.v4.runtime.BufferedTokenStream.fetch(BufferedTokenStream.java:170)
	at groovyjarjarantlr4.v4.runtime.BufferedTokenStream.sync(BufferedTokenStream.java:153)
	at groovyjarjarantlr4.v4.runtime.BufferedTokenStream.consume(BufferedTokenStream.java:137)
	at groovyjarjarantlr4.v4.runtime.atn.ParserATNSimulator.execDFA(ParserATNSimulator.java:559)
	at groovyjarjarantlr4.v4.runtime.atn.ParserATNSimulator.adaptivePredict(ParserATNSimulator.java:408)
	at groovyjarjarantlr4.v4.runtime.atn.ParserATNSimulator.adaptivePredict(ParserATNSimulator.java:356)
	at org.apache.groovy.parser.antlr4.GroovyParser.commandExpression(GroovyParser.java:9702)
	at org.apache.groovy.parser.antlr4.GroovyParser.statementExpression(GroovyParser.java:8233)
	at org.apache.groovy.parser.antlr4.GroovyParser.statement(GroovyParser.java:7078)
	at org.apache.groovy.parser.antlr4.GroovyParser.scriptStatement(GroovyParser.java:517)
	at org.apache.groovy.parser.antlr4.GroovyParser.scriptStatements(GroovyParser.java:416)
	at org.apache.groovy.parser.antlr4.GroovyParser.compilationUnit(GroovyParser.java:363)
	at org.apache.groovy.parser.antlr4.AstBuilder.buildCST(AstBuilder.java:243)
	at org.apache.groovy.parser.antlr4.AstBuilder.buildCST(AstBuilder.java:221)
	at org.apache.groovy.parser.antlr4.AstBuilder.buildAST(AstBuilder.java:262)
	at org.apache.groovy.parser.antlr4.Antlr4ParserPlugin.buildAST(Antlr4ParserPlugin.java:58)
	at org.codehaus.groovy.control.SourceUnit.buildAST(SourceUnit.java:256)
	at java.base/java.util.Iterator.forEachRemaining(Iterator.java:133)
	at java.base/java.util.Spliterators$IteratorSpliterator.forEachRemaining(Spliterators.java:1845)
	at java.base/java.util.stream.ReferencePipeline$Head.forEach(ReferencePipeline.java:762)
	at org.codehaus.groovy.control.CompilationUnit.compile(CompilationUnit.java:663)
	at groovy.lang.GroovyClassLoader.doParseClass(GroovyClassLoader.java:365)
	at groovy.lang.GroovyClassLoader.lambda$parseClass$2(GroovyClassLoader.java:314)
	at org.codehaus.groovy.runtime.memoize.StampedCommonCache.compute(StampedCommonCache.java:163)
	at org.codehaus.groovy.runtime.memoize.StampedCommonCache.getAndPut(StampedCommonCache.java:154)
	at groovy.lang.GroovyClassLoader.parseClass(GroovyClassLoader.java:314)
	at groovy.lang.GroovyShell.parseClass(GroovyShell.java:572)
	at groovy.lang.GroovyShell.parse(GroovyShell.java:585)
	at groovy.lang.GroovyShell.parse(GroovyShell.java:639)
	at groovy.lang.GroovyShell.parse(GroovyShell.java:643)
	at nextflow.script.parser.v1.ScriptLoaderV1.parse0(ScriptLoaderV1.groovy:183)
	... 33 common frames omitted
