Sketching genome_cluster1_1.fasta...
Sketching genome_cluster1_2.fasta...
Sketching genome_cluster1_3.fasta...
Sketching genome_cluster1_4.fasta...
Sketching genome_cluster1_5.fasta...
Sketching genome_cluster1_6.fasta...
Sketching genome_cluster1_7.fasta...
Sketching genome_cluster1_8.fasta...
Sketching genome_cluster2_1.fasta...
Sketching genome_cluster2_2.fasta...
Sketching genome_cluster2_3.fasta...
Sketching genome_cluster2_4.fasta...
Sketching genome_cluster2_5.fasta...
Sketching genome_cluster2_6.fasta...
Sketching genome_cluster3_1.fasta...
Sketching genome_cluster3_2.fasta...
Sketching genome_cluster3_3.fasta...
Sketching genome_cluster3_4.fasta...
Sketching outlier_1.fasta...
Sketching outlier_2.fasta...
Sketching outlier_3.fasta...
Writing to mash.msh...
chown: unrecognized option '--from'
BusyBox v1.36.1 (2024-06-02 11:42:27 UTC) multi-call binary.

Usage: chown [-RhLHPcvf]... USER[:[GRP]] FILE...

Change the owner and/or group of FILEs to USER and/or GRP

	-h	Affect symlinks instead of symlink targets
	-L	Traverse all symlinks to directories
	-H	Traverse symlinks on command line only
	-P	Don't traverse symlinks (default)
	-R	Recurse
	-c	List changed files
	-v	Verbose
	-f	Hide errors
