Sketching 322 valid FASTA files...
First few files to be processed:
ERS012303.fasta
ERS012306.fasta
ERS012307.fasta
ERS012309.fasta
ERS012312.fasta
All files verified. Starting MASH sketching...
Sketching ERS012303.fasta...
Sketching ERS012306.fasta...
Sketching ERS012307.fasta...
Sketching ERS012309.fasta...
Sketching ERS012312.fasta...
Sketching ERS012313.fasta...
Sketching ERS012316.fasta...
Sketching ERS012320.fasta...
Sketching ERS012330.fasta...
Sketching ERS012332.fasta...
Sketching ERS012358.fasta...
Sketching ERS012362.fasta...
Sketching ERS012363.fasta...
Sketching ERS012365.fasta...
Sketching ERS012370.fasta...
Sketching ERS013343.fasta...
Sketching ERS013346.fasta...
Sketching ERS013348.fasta...
Sketching ERS013352.fasta...
Sketching ERS013354.fasta...
Sketching ERS013364.fasta...
Sketching GCA_963560585_1.fasta...
Sketching GCA_963560675_1.fasta...
Sketching GCA_963560735_1.fasta...
Sketching GCA_963560915_1.fasta...
Sketching GCA_963560945_1.fasta...
Sketching GCA_963561075_1.fasta...
Sketching GCA_963561215_1.fasta...
Sketching GCA_963561435_1.fasta...
Sketching GCA_963561835_1.fasta...
Sketching GCA_963561855_1.fasta...
Sketching GCA_963561915_1.fasta...
Sketching GCA_963561975_1.fasta...
Sketching GCA_963562615_1.fasta...
Sketching GCA_963562655_1.fasta...
Sketching GCA_963562695_1.fasta...
Sketching GCA_963562795_1.fasta...
Sketching GCA_963562965_1.fasta...
Sketching GCA_963563065_1.fasta...
Sketching GCA_963563155_1.fasta...
Sketching GCA_963563475_1.fasta...
Sketching GCA_963563525_1.fasta...
Sketching GCA_963563635_1.fasta...
Sketching GCA_963563715_1.fasta...
Sketching GCA_963564305_1.fasta...
Sketching GCA_963564375_1.fasta...
Sketching GCA_963564975_1.fasta...
Sketching GCA_963565015_1.fasta...
Sketching GCA_963565125_1.fasta...
Sketching GCA_963565395_1.fasta...
Sketching GCA_963565485_1.fasta...
Sketching GCA_963565565_1.fasta...
Sketching GCA_963566085_1.fasta...
Sketching GCA_963566175_1.fasta...
Sketching GCA_963566475_1.fasta...
Sketching GCA_963566495_1.fasta...
Sketching GCA_963566625_1.fasta...
Sketching GCA_963566635_1.fasta...
Sketching GCA_963566695_1.fasta...
Sketching GCA_963566765_1.fasta...
Sketching GCA_963566855_1.fasta...
Sketching GCA_963567325_1.fasta...
Sketching GCA_963567935_1.fasta...
Sketching GCA_963568055_1.fasta...
Sketching GCA_963568705_1.fasta...
Sketching GCA_963568785_1.fasta...
Sketching GCA_963568885_1.fasta...
Sketching GCA_963569325_1.fasta...
Sketching GCA_963569365_1.fasta...
Sketching GCA_963569645_1.fasta...
Sketching GCA_963569685_1.fasta...
Sketching GCA_963569795_1.fasta...
Sketching GCA_963570025_1.fasta...
Sketching GCA_963570105_1.fasta...
Sketching GCA_963570575_1.fasta...
Sketching GCA_963571005_1.fasta...
Sketching GCA_963571055_1.fasta...
Sketching GCA_963571475_1.fasta...
Sketching GCA_963571975_1.fasta...
Sketching GCA_963572615_1.fasta...
Sketching GCA_963573095_1.fasta...
Sketching GCA_963573225_1.fasta...
Sketching GCF_000773235_1_Australia.fasta...
Sketching GCF_000774495_1_Australia.fasta...
Sketching GCF_001207785_2_Malaysia.fasta...
Sketching GCF_002110925_1_USA_Texas.fasta...
Sketching GCF_002110985_1_USA_Puerto_Rico.fasta...
Sketching GCF_002111145_1_USA_Arizona_ex_Costa_Rica.fasta...
Sketching GCF_003268075_1_Viet_Nam.fasta...
Sketching GCF_003268105_1_Viet_Nam.fasta...
Sketching GCF_009827035_1_Viet_Nam.fasta...
Sketching GCF_014712775_1_Laos.fasta...
Sketching GCF_014712835_1_Laos.fasta...
Sketching GCF_014712895_1_Laos.fasta...
Sketching GCF_014712915_1_Laos.fasta...
Sketching GCF_014712935_1_Laos.fasta...
Sketching GCF_014712955_1_Laos.fasta...
Sketching GCF_014713085_1_Laos.fasta...
Sketching GCF_025847905_1_Viet_Nam.fasta...
Sketching IE-0001.fasta...
Sketching IE-0003.fasta...
Sketching IE-0004.fasta...
Sketching IE-0005.fasta...
Sketching IE-0006.fasta...
Sketching IE-0007.fasta...
Sketching IE-0009.fasta...
Sketching IE-0010.fasta...
Sketching IE-0011.fasta...
Sketching IE-0012.fasta...
Sketching IE-0013.fasta...
Sketching IE-0014.fasta...
Sketching IE-0015.fasta...
Sketching IE-0016.fasta...
Sketching IE-0017.fasta...
Sketching IE-0018.fasta...
Sketching IE-0019.fasta...
Sketching IE-0021.fasta...
Sketching IE-0022.fasta...
Sketching IE-0024.fasta...
Sketching IE-0026.fasta...
Sketching IP-0001.fasta...
Sketching IP-0002.fasta...
Sketching IP-0003.fasta...
Sketching IP-0004.fasta...
Sketching IP-0005.fasta...
Sketching IP-0006.fasta...
Sketching IP-0007.fasta...
Sketching IP-0008.fasta...
Sketching IP-0009.fasta...
Sketching IP-0010.fasta...
Sketching IP-0011.fasta...
Sketching IP-0012.fasta...
Sketching IP-0013.fasta...
Sketching IP-0014.fasta...
Sketching IP-0015.fasta...
Sketching IP-0016.fasta...
Sketching IP-0017.fasta...
Sketching IP-0018.fasta...
Sketching IP-0019.fasta...
Sketching IP-0020.fasta...
Sketching IP-0021.fasta...
Sketching IP-0022.fasta...
Sketching IP-0023.fasta...
Sketching IP-0024.fasta...
Sketching IP-0025.fasta...
Sketching IP-0026.fasta...
Sketching IP-0027.fasta...
Sketching IP-0028.fasta...
Sketching IP-0029.fasta...
Sketching IP-0030.fasta...
Sketching IP-0031.fasta...
Sketching IP-0032.fasta...
Sketching IP-0033.fasta...
Sketching IP-0034.fasta...
Sketching IP-0035.fasta...
Sketching IP-0036.fasta...
Sketching IP-0037.fasta...
Sketching IP-0038.fasta...
Sketching IP-0039.fasta...
Sketching IP-0040.fasta...
Sketching IP-0041.fasta...
Sketching IP-0042.fasta...
Sketching IP-0043.fasta...
Sketching IP-0044.fasta...
Sketching IP-0045.fasta...
Sketching IP-0046.fasta...
Sketching IP-0047.fasta...
Sketching IP-0048.fasta...
Sketching IP-0049.fasta...
Sketching IP-0050.fasta...
Sketching IP-0051.fasta...
Sketching IP-0052.fasta...
Sketching IP-0053.fasta...
Sketching IP-0054.fasta...
Sketching IP-0055.fasta...
Sketching IP-0056.fasta...
Sketching IP-0057.fasta...
Sketching IP-0058.fasta...
Sketching IP-0059.fasta...
Sketching IP-0060.fasta...
Sketching IP-0061.fasta...
Sketching IP-0062.fasta...
Sketching IP-0063.fasta...
Sketching IP-0064.fasta...
Sketching IP-0065.fasta...
Sketching IP-0066.fasta...
Sketching IP-0067.fasta...
Sketching IP-0068.fasta...
Sketching IP-0069.fasta...
Sketching IP-0070.fasta...
Sketching IP-0071.fasta...
Sketching IP-0072.fasta...
Sketching IP-0073.fasta...
Sketching IP-0074.fasta...
Sketching IP-0075.fasta...
Sketching IP-0076.fasta...
Sketching IP-0077.fasta...
Sketching IP-0078.fasta...
Sketching IP-0079.fasta...
Sketching IP-0080.fasta...
Sketching IP-0081.fasta...
Sketching IP-0082.fasta...
Sketching IP-0083.fasta...
Sketching IP-0084.fasta...
Sketching IP-0085.fasta...
Sketching IP-0086.fasta...
Sketching IP-0087.fasta...
Sketching IP-0088.fasta...
Sketching IP-0089.fasta...
Sketching IP-0090.fasta...
Sketching IP-0091.fasta...
Sketching IP-0092.fasta...
Sketching IP-0093.fasta...
Sketching IP-0094.fasta...
Sketching IP-0095.fasta...
Sketching IP-0096.fasta...
Sketching IP-0097.fasta...
Sketching IP-0098.fasta...
Sketching IP-0099.fasta...
Sketching IP-0100.fasta...
Sketching IP-0101.fasta...
Sketching IP-0102.fasta...
Sketching IP-0103.fasta...
Sketching IP-0104.fasta...
Sketching IP-0105.fasta...
Sketching IP-0106.fasta...
Sketching IP-0107.fasta...
Sketching IP-0108.fasta...
Sketching IP-0109.fasta...
Sketching IP-0110.fasta...
Sketching IP-0111.fasta...
Sketching IP-0112.fasta...
Sketching IP-0113.fasta...
Sketching IP-0114.fasta...
Sketching IP-0115.fasta...
Sketching IP-0116.fasta...
Sketching IP-0117.fasta...
Sketching IP-0118.fasta...
Sketching IP-0119.fasta...
Sketching IP-0120.fasta...
Sketching IP-0121.fasta...
Sketching IP-0122.fasta...
Sketching IP-0123.fasta...
Sketching IP-0124.fasta...
Sketching IP-0125.fasta...
Sketching IP-0126.fasta...
Sketching IP-0127.fasta...
Sketching IP-0128.fasta...
Sketching IP-0129.fasta...
Sketching IP-0130.fasta...
Sketching IP-0131.fasta...
Sketching IP-0132.fasta...
Sketching IP-0133.fasta...
Sketching IP-0134.fasta...
Sketching IP-0135.fasta...
Sketching IP-0136.fasta...
Sketching IP-0137.fasta...
Sketching IP-0138.fasta...
Sketching IP-0139.fasta...
Sketching IP-0140.fasta...
Sketching IP-0141.fasta...
Sketching IP-0142.fasta...
Sketching IP-0143.fasta...
Sketching IP-0144.fasta...
Sketching IP-0145.fasta...
Sketching IP-0146.fasta...
Sketching IP-0147.fasta...
Sketching IP-0148.fasta...
Sketching IP-0149.fasta...
Sketching IP-0150.fasta...
Sketching IP-0151.fasta...
Sketching IP-0152.fasta...
Sketching IP-0153.fasta...
Sketching IP-0154.fasta...
Sketching IP-0155.fasta...
Sketching IP-0156.fasta...
Sketching IP-0157.fasta...
Sketching IP-0158.fasta...
Sketching IP-0159.fasta...
Sketching IP-0160.fasta...
Sketching IP-0161.fasta...
Sketching IP-0162.fasta...
Sketching IP-0163.fasta...
Sketching IP-0164.fasta...
Sketching IP-0165.fasta...
Sketching IP-0166.fasta...
Sketching IP-0167.fasta...
Sketching IP-0168.fasta...
Sketching IP-0169.fasta...
Sketching IP-0170.fasta...
Sketching IP-0171.fasta...
Sketching IP-0172.fasta...
Sketching IP-0173.fasta...
Sketching IP-0174.fasta...
Sketching IP-0175.fasta...
Sketching IP-0176.fasta...
Sketching IP-0177.fasta...
Sketching IP-0178.fasta...
Sketching IP-0179.fasta...
Sketching IP-0180.fasta...
Sketching IP-0181.fasta...
Sketching IP-0182.fasta...
Sketching IP-0183.fasta...
Sketching IP-0184.fasta...
Sketching IP-0185.fasta...
Sketching IP-0186.fasta...
Sketching IP-0187.fasta...
Sketching IP-0188.fasta...
Sketching IP-0189.fasta...
Sketching IP-0190.fasta...
Sketching IP-0191.fasta...
Sketching IP-0192.fasta...
Sketching IP-0193.fasta...
Sketching IP-0194.fasta...
Sketching IP-0195.fasta...
Sketching IP-0196.fasta...
Sketching IP-0197.fasta...
Sketching IP-0199.fasta...
Sketching IP-0200.fasta...
Sketching IP-0201.fasta...
Sketching IP-0202.fasta...
Sketching SRR12527885_contigs.fasta...
Writing to mash.msh...
MASH sketching completed successfully!
chown: unrecognized option '--from'
BusyBox v1.36.1 (2024-06-02 11:42:27 UTC) multi-call binary.

Usage: chown [-RhLHPcvf]... USER[:[GRP]] FILE...

Change the owner and/or group of FILEs to USER and/or GRP

	-h	Affect symlinks instead of symlink targets
	-L	Traverse all symlinks to directories
	-H	Traverse symlinks on command line only
	-P	Don't traverse symlinks (default)
	-R	Recurse
	-c	List changed files
	-v	Verbose
	-f	Hide errors
