Building PopPUNK database with 21 genomes...
Created staged files list. Verifying all files are present...
genome_cluster1_1	genome_cluster1_1.fasta
genome_cluster1_2	genome_cluster1_2.fasta
genome_cluster1_3	genome_cluster1_3.fasta
genome_cluster1_4	genome_cluster1_4.fasta
genome_cluster1_5	genome_cluster1_5.fasta
genome_cluster1_6	genome_cluster1_6.fasta
genome_cluster1_7	genome_cluster1_7.fasta
genome_cluster1_8	genome_cluster1_8.fasta
genome_cluster2_1	genome_cluster2_1.fasta
genome_cluster2_2	genome_cluster2_2.fasta
genome_cluster2_3	genome_cluster2_3.fasta
genome_cluster2_4	genome_cluster2_4.fasta
genome_cluster2_5	genome_cluster2_5.fasta
genome_cluster2_6	genome_cluster2_6.fasta
genome_cluster3_1	genome_cluster3_1.fasta
genome_cluster3_2	genome_cluster3_2.fasta
genome_cluster3_3	genome_cluster3_3.fasta
genome_cluster3_4	genome_cluster3_4.fasta
outlier_1	outlier_1.fasta
outlier_2	outlier_2.fasta
outlier_3	outlier_3.fasta
Setting resource limits to prevent segmentation faults...
Memory limits set: Virtual/Physical=8 GB
Using 2 threads for PopPUNK.
⚠️  Database creation failed, retrying with 2 threads...
